<?xml version="1.0" encoding="UTF-8"?>
<!-- Generated by org.testng.reporters.JUnitXMLReporter -->
<testsuite ignored="0" hostname="LAPTOP-GI1SCVEF" failures="2" tests="2" name="Test" time="226.357" errors="0" timestamp="2023-03-16T15:23:16 IST">
  <testcase classname="com.fb.testpack.TC_01_LoginActivity" name="loginActivity" time="101.114">
    <failure type="java.lang.AssertionError" message="expected [(1) Facebook] but found [Facebook]">
      <![CDATA[java.lang.AssertionError: expected [(1) Facebook] but found [Facebook]
at com.fb.testpack.TC_01_LoginActivity.loginActivity(TC_01_LoginActivity.java:24)
at java.base/java.util.ArrayList.forEach(ArrayList.java:1511)
... Removed 31 stack frames]]>
    </failure>
  </testcase> <!-- loginActivity -->
  <testcase classname="com.fb.testpack.TC_02_ProfileActivity" name="ProfileActivityFb" time="106.275">
    <failure type="java.lang.AssertionError" message="expected [Sampann Malavi | Facebook] but found [Facebook]">
      <![CDATA[java.lang.AssertionError: expected [Sampann Malavi | Facebook] but found [Facebook]
at com.fb.testpack.TC_02_ProfileActivity.ProfileActivityFb(TC_02_ProfileActivity.java:35)
at java.base/java.util.ArrayList.forEach(ArrayList.java:1511)
... Removed 31 stack frames]]>
    </failure>
  </testcase> <!-- ProfileActivityFb -->
</testsuite> <!-- Test -->
